[debug] [2024-06-15T22:24:47.238Z] ----------------------------------------------------------------------
[debug] [2024-06-15T22:24:47.241Z] Command:       C:\Program Files\nodejs\node.exe C:\Users\GameR\AppData\Roaming\npm\node_modules\firebase-tools\lib\bin\firebase.js init
[debug] [2024-06-15T22:24:47.241Z] CLI Version:   13.11.2
[debug] [2024-06-15T22:24:47.241Z] Platform:      win32
[debug] [2024-06-15T22:24:47.242Z] Node Version:  v22.1.0
[debug] [2024-06-15T22:24:47.242Z] Time:          Sun Jun 16 2024 03:24:47 GMT+0500 (Pakistan Standard Time)
[debug] [2024-06-15T22:24:47.242Z] ----------------------------------------------------------------------
[debug] 
[debug] [2024-06-15T22:24:47.250Z] > command requires scopes: ["email","openid","https://www.googleapis.com/auth/cloudplatformprojects.readonly","https://www.googleapis.com/auth/firebase","https://www.googleapis.com/auth/cloud-platform"]
[debug] [2024-06-15T22:24:47.250Z] > authorizing via signed-in user (infiniteexportsolutions@gmail.com)
[info] 
     ######## #### ########  ######## ########     ###     ######  ########
     ##        ##  ##     ## ##       ##     ##  ##   ##  ##       ##
     ######    ##  ########  ######   ########  #########  ######  ######
     ##        ##  ##    ##  ##       ##     ## ##     ##       ## ##
     ##       #### ##     ## ######## ########  ##     ##  ######  ########

You're about to initialize a Firebase project in this directory:

  C:\Users\GameR\Documents\React\Firebase firstapp\firebase_app

[info] 
=== Project Setup
[info] 
[info] First, let's associate this project directory with a Firebase project.
[info] You can create multiple project aliases by running firebase use --add, 
[info] but for now we'll just set up a default project.
[info] 
[debug] [2024-06-15T22:25:02.843Z] >>> [apiv2][query] GET https://firebase.googleapis.com/v1beta1/projects pageSize=100
[debug] [2024-06-15T22:25:09.024Z] <<< [apiv2][status] GET https://firebase.googleapis.com/v1beta1/projects 200
[debug] [2024-06-15T22:25:09.024Z] <<< [apiv2][body] GET https://firebase.googleapis.com/v1beta1/projects [omitted]
[info] i  Using project decent-space-426422-t2 (My First Project) 
[info] 
=== Hosting Setup
[debug] [2024-06-15T22:25:13.348Z] >>> [apiv2][query] GET https://firebase.googleapis.com/v1beta1/projects/decent-space-426422-t2 [none]
[debug] [2024-06-15T22:25:14.427Z] <<< [apiv2][status] GET https://firebase.googleapis.com/v1beta1/projects/decent-space-426422-t2 200
[debug] [2024-06-15T22:25:14.427Z] <<< [apiv2][body] GET https://firebase.googleapis.com/v1beta1/projects/decent-space-426422-t2 {"projectId":"decent-space-426422-t2","projectNumber":"955161671750","displayName":"My First Project","name":"projects/decent-space-426422-t2","resources":{"hostingSite":"decent-space-426422-t2","storageBucket":"decent-space-426422-t2.appspot.com","locationId":"us-central"},"state":"ACTIVE","etag":"1_3c952182-d891-4ff8-9481-b55344d0ab8e"}
[info] 
[info] Your public directory is the folder (relative to your project directory) that
[info] will contain Hosting assets to be uploaded with firebase deploy. If you
[info] have a build process for your assets, use your build's output directory.
[info] 
[info] +  Wrote public/404.html 
[debug] [2024-06-15T22:26:42.530Z] >>> [apiv2][query] GET https://www.gstatic.com/firebasejs/releases.json [none]
[debug] [2024-06-15T22:26:42.983Z] <<< [apiv2][status] GET https://www.gstatic.com/firebasejs/releases.json 200
[debug] [2024-06-15T22:26:42.984Z] <<< [apiv2][body] GET https://www.gstatic.com/firebasejs/releases.json {"current":{"version":"10.12.2","browserURL":"https://www.gstatic.com/firebasejs/10.12.2/firebase.js","packageURL":"https://www.gstatic.com/firebasejs/10.12.2/firebase.tgz"},"live":{"version":"10.12","browserURL":"https://www.gstatic.com/firebasejs/live/10.12/firebase.js","packageURL":"https://www.gstatic.com/firebasejs/live/10.12/firebase.tgz"},"components":{"analytics":"https://www.gstatic.com/firebasejs/10.12.2/firebase-analytics.js","app":"https://www.gstatic.com/firebasejs/10.12.2/firebase-app.js","app-check":"https://www.gstatic.com/firebasejs/10.12.2/firebase-app-check.js","auth":"https://www.gstatic.com/firebasejs/10.12.2/firebase-auth.js","auth/cordova":"https://www.gstatic.com/firebasejs/10.12.2/firebase-auth/cordova.js","auth/web-extension":"https://www.gstatic.com/firebasejs/10.12.2/firebase-auth/web-extension.js","functions":"https://www.gstatic.com/firebasejs/10.12.2/firebase-functions.js","firestore":"https://www.gstatic.com/firebasejs/10.12.2/firebase-firestore.js","firestore/lite":"https://www.gstatic.com/firebasejs/10.12.2/firebase-firestore/lite.js","installations":"https://www.gstatic.com/firebasejs/10.12.2/firebase-installations.js","storage":"https://www.gstatic.com/firebasejs/10.12.2/firebase-storage.js","performance":"https://www.gstatic.com/firebasejs/10.12.2/firebase-performance.js","remote-config":"https://www.gstatic.com/firebasejs/10.12.2/firebase-remote-config.js","messaging":"https://www.gstatic.com/firebasejs/10.12.2/firebase-messaging.js","messaging/sw":"https://www.gstatic.com/firebasejs/10.12.2/firebase-messaging/sw.js","database":"https://www.gstatic.com/firebasejs/10.12.2/firebase-database.js","vertexai-preview":"https://www.gstatic.com/firebasejs/10.12.2/firebase-vertexai-preview.js","firestore.memory":"https://www.gstatic.com/firebasejs/10.12.2/firebase-firestore.memory.js"}}
[info] i  Skipping write of public/index.html 
[info] 
[info] i  Detected a .git folder at C:\Users\GameR\Documents\React\Firebase firstapp\firebase_app 
[info] i  Authorizing with GitHub to upload your service account to a GitHub repository's secrets store. 
[info] 
[info] Visit this URL on this device to log in:
[info] https://github.com/login/oauth/authorize?client_id=89cf50f02ac6aaed3484&state=295445717&redirect_uri=http%3A%2F%2Flocalhost%3A9005&scope=read%3Auser%20repo%20public_repo
[info] 
[info] Waiting for authentication...
[debug] [2024-06-15T22:27:22.442Z] >>> [apiv2][query] POST https://github.com/login/oauth/access_token [none]
[debug] [2024-06-15T22:27:22.442Z] >>> [apiv2][body] POST https://github.com/login/oauth/access_token [stream]
[debug] [2024-06-15T22:27:23.329Z] <<< [apiv2][status] POST https://github.com/login/oauth/access_token 200
[debug] [2024-06-15T22:27:23.330Z] <<< [apiv2][body] POST https://github.com/login/oauth/access_token {"access_token":"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","token_type":"bearer","scope":"read:user,repo"}
[debug] [2024-06-15T22:27:23.348Z] >>> [apiv2][query] GET https://api.github.com/user [none]
[debug] [2024-06-15T22:27:25.202Z] <<< [apiv2][status] GET https://api.github.com/user 200
[debug] [2024-06-15T22:27:25.202Z] <<< [apiv2][body] GET https://api.github.com/user {"login":"ali-shah007","id":95104324,"node_id":"U_kgDOBastRA","avatar_url":"https://avatars.githubusercontent.com/u/95104324?v=4","gravatar_id":"","url":"https://api.github.com/users/ali-shah007","html_url":"https://github.com/ali-shah007","followers_url":"https://api.github.com/users/ali-shah007/followers","following_url":"https://api.github.com/users/ali-shah007/following{/other_user}","gists_url":"https://api.github.com/users/ali-shah007/gists{/gist_id}","starred_url":"https://api.github.com/users/ali-shah007/starred{/owner}{/repo}","subscriptions_url":"https://api.github.com/users/ali-shah007/subscriptions","organizations_url":"https://api.github.com/users/ali-shah007/orgs","repos_url":"https://api.github.com/users/ali-shah007/repos","events_url":"https://api.github.com/users/ali-shah007/events{/privacy}","received_events_url":"https://api.github.com/users/ali-shah007/received_events","type":"User","site_admin":false,"name":null,"company":null,"blog":"","location":null,"email":null,"hireable":null,"bio":null,"twitter_username":null,"public_repos":11,"public_gists":0,"followers":0,"following":0,"created_at":"2021-11-26T20:35:00Z","updated_at":"2024-06-14T02:08:58Z","private_gists":0,"total_private_repos":1,"owned_private_repos":1,"disk_usage":84426,"collaborators":0,"two_factor_authentication":false,"plan":{"name":"free","space":976562499,"collaborators":0,"private_repos":10000}}
[info] 
[info] +  Success! Logged into GitHub as ali-shah007 
[info] 
